<?xml version="1.0" encoding="UTF-8"?>
<!-- Generated by org.testng.reporters.JUnitReportReporter -->
<testsuite hostname="SKY-4DL5RV2-10" failures="0" tests="4" name="prioritydemo.DependsOnExample" time="0.019" errors="0" timestamp="24 Jan 2021 15:35:53 GMT" skipped="0">
  <testcase classname="prioritydemo.DependsOnExample" name="logout" time="0.002"/>
  <testcase classname="prioritydemo.DependsOnExample" name="register" time="0.013"/>
  <testcase classname="prioritydemo.DependsOnExample" name="bookATicket" time="0.003"/>
  <testcase classname="prioritydemo.DependsOnExample" name="login" time="0.001"/>
</testsuite> <!-- prioritydemo.DependsOnExample -->
