<?xml version="1.0" encoding="UTF-8"?>
<!-- Generated by org.testng.reporters.JUnitReportReporter -->
<testsuite hostname="SKY-4DL5RV2-10" failures="0" tests="2" name="groupingexampe.HotelSearch" time="0.013" errors="0" timestamp="31 Jan 2021 15:09:57 GMT" skipped="0">
  <testcase classname="groupingexampe.HotelSearch" name="cancelBooking" time="0.012"/>
  <testcase classname="groupingexampe.HotelSearch" name="searchHotel" time="0.001"/>
</testsuite> <!-- groupingexampe.HotelSearch -->
