<?xml version="1.0" encoding="UTF-8"?>
<!-- Generated by org.testng.reporters.JUnitReportReporter -->
<testsuite hostname="SKY-4DL5RV2-10" failures="0" tests="1" name="beforesuiteexample.DemoC" time="0.001" errors="0" timestamp="24 Jan 2021 16:26:12 GMT" skipped="0">
  <testcase classname="beforesuiteexample.DemoC" name="test3" time="0.001"/>
</testsuite> <!-- beforesuiteexample.DemoC -->
