<?xml version="1.0" encoding="UTF-8"?>
<!-- Generated by org.testng.reporters.JUnitReportReporter -->
<testsuite hostname="SKY-4DL5RV2-10" failures="0" tests="1" name="beforesuiteexample.DemoB" time="0.002" errors="0" timestamp="24 Jan 2021 16:26:12 GMT" skipped="0">
  <testcase classname="beforesuiteexample.DemoB" name="test2" time="0.002"/>
</testsuite> <!-- beforesuiteexample.DemoB -->
