<?xml version="1.0" encoding="UTF-8"?>
<!-- Generated by org.testng.reporters.JUnitReportReporter -->
<testsuite hostname="SKY-4DL5RV2-10" failures="0" tests="1" name="parameterization.TestNGParamDemo" time="8.451" errors="0" timestamp="30 Jan 2021 14:43:08 GMT" skipped="0">
  <testcase classname="parameterization.TestNGParamDemo" name="openBrowser" time="8.451"/>
</testsuite> <!-- parameterization.TestNGParamDemo -->
