<?xml version="1.0" encoding="UTF-8"?>
<!-- Generated by org.testng.reporters.JUnitReportReporter -->
<testsuite hostname="SKY-4DL5RV2-10" failures="0" tests="2" name="groupingexampe.FlightSearch" time="0.006" errors="0" timestamp="31 Jan 2021 15:06:16 GMT" skipped="0">
  <testcase classname="groupingexampe.FlightSearch" name="cancelFlight" time="0.003"/>
  <testcase classname="groupingexampe.FlightSearch" name="rescheduleTkt" time="0.003"/>
</testsuite> <!-- groupingexampe.FlightSearch -->
