<?xml version="1.0" encoding="UTF-8"?>
<!-- Generated by org.testng.reporters.JUnitReportReporter -->
<testsuite hostname="SKY-4DL5RV2-10" failures="0" tests="1" name="includeexcludedemo.TestClass1" time="0.001" errors="0" timestamp="31 Jan 2021 14:55:30 GMT" skipped="0">
  <testcase classname="includeexcludedemo.TestClass1" name="EmployeeLeaveCalculation" time="0.001"/>
</testsuite> <!-- includeexcludedemo.TestClass1 -->
