<?xml version="1.0" encoding="UTF-8"?>
<!-- Generated by org.testng.reporters.JUnitReportReporter -->
<testsuite hostname="SKY-4DL5RV2-10" failures="0" tests="3" name="parameterization.TestNGDataProviderDemo" time="0.901" errors="0" timestamp="30 Jan 2021 15:06:28 GMT" skipped="0">
  <testcase classname="parameterization.TestNGDataProviderDemo" name="login" time="0.219"/>
  <testcase classname="parameterization.TestNGDataProviderDemo" name="login" time="0.434"/>
  <testcase classname="parameterization.TestNGDataProviderDemo" name="login" time="0.248"/>
</testsuite> <!-- parameterization.TestNGDataProviderDemo -->
