<?xml version="1.0" encoding="UTF-8"?>
<!-- Generated by org.testng.reporters.JUnitReportReporter -->
<testsuite hostname="SKY-4DL5RV2-10" failures="0" tests="3" name="configmethodsdemo.DemoA" time="0.012" errors="0" timestamp="24 Jan 2021 16:01:30 GMT" skipped="0">
  <testcase classname="configmethodsdemo.DemoA" name="bookATicket" time="0.008"/>
  <testcase classname="configmethodsdemo.DemoA" name="cancelATicket" time="0.002"/>
  <testcase classname="configmethodsdemo.DemoA" name="rescheduleATicket" time="0.002"/>
</testsuite> <!-- configmethodsdemo.DemoA -->
