<?xml version="1.0" encoding="UTF-8"?>
<!-- Generated by org.testng.reporters.JUnitReportReporter -->
<testsuite hostname="SKY-4DL5RV2-10" failures="0" tests="3" name="prioritydemo.DependsOnGroupsExample" time="0.010" errors="0" timestamp="24 Jan 2021 15:51:36 GMT" skipped="0">
  <testcase classname="prioritydemo.DependsOnGroupsExample" name="init" time="0.009"/>
  <testcase classname="prioritydemo.DependsOnGroupsExample" name="payment" time="0.000"/>
  <testcase classname="prioritydemo.DependsOnGroupsExample" name="bookATicket" time="0.001"/>
</testsuite> <!-- prioritydemo.DependsOnGroupsExample -->
