<?xml version="1.0" encoding="UTF-8"?>
<!-- Generated by org.testng.reporters.JUnitReportReporter -->
<testsuite hostname="SKY-4DL5RV2-10" failures="0" tests="3" name="configmethodsdemo.BeforeClassExample" time="0.005" errors="0" timestamp="24 Jan 2021 16:04:20 GMT" skipped="0">
  <testcase classname="configmethodsdemo.BeforeClassExample" name="bookATicket" time="0.003"/>
  <testcase classname="configmethodsdemo.BeforeClassExample" name="rescheduleATicket" time="0.000"/>
  <testcase classname="configmethodsdemo.BeforeClassExample" name="cancelATicket" time="0.002"/>
</testsuite> <!-- configmethodsdemo.BeforeClassExample -->
