<?xml version="1.0" encoding="UTF-8"?>
<!-- Generated by org.testng.reporters.JUnitReportReporter -->
<testsuite hostname="SKY-4DL5RV2-10" failures="0" tests="4" name="prioritydemo.EnableDisableExample" time="0.017" errors="0" timestamp="24 Jan 2021 15:42:54 GMT" skipped="3">
  <testcase classname="prioritydemo.EnableDisableExample" name="test2" time="0.017"/>
  <testcase classname="prioritydemo.EnableDisableExample" name="test1">
    <skipped/>
  </testcase> <!-- test1 -->
  <testcase classname="prioritydemo.EnableDisableExample" name="test3">
    <skipped/>
  </testcase> <!-- test3 -->
  <testcase classname="prioritydemo.EnableDisableExample" name="test4">
    <skipped/>
  </testcase> <!-- test4 -->
</testsuite> <!-- prioritydemo.EnableDisableExample -->
