<?xml version="1.0" encoding="UTF-8"?>
<!-- Generated by org.testng.reporters.JUnitReportReporter -->
<testsuite hostname="SKY-4DL5RV2-10" failures="0" tests="3" name="prioritydemo.PriorityDemo" time="0.015" errors="0" timestamp="24 Jan 2021 15:29:18 GMT" skipped="0">
  <testcase classname="prioritydemo.PriorityDemo" name="deleteUser" time="0.013"/>
  <testcase classname="prioritydemo.PriorityDemo" name="verifyCreateUser" time="0.001"/>
  <testcase classname="prioritydemo.PriorityDemo" name="shouldEditUser" time="0.001"/>
</testsuite> <!-- prioritydemo.PriorityDemo -->
